<?xml version="1.0" encoding="UTF-8"?>
<!-- Generated by org.testng.reporters.JUnitXMLReporter -->
<testsuite ignored="0" hostname="Latitude3590" failures="1"
	tests="3" name="CreditCardLoan" time="0.047" errors="0"
	timestamp="2024-07-13T14:18:28 IST">
	<testcase classname="test.Day1" name="printGood" time="0.0">
		<failure type="org.testng.TestNGException"
			message="
Parameter &amp;apos;URL&amp;apos; is required by @Test on method printGood but has not been marked @Optional or defined
in C:\Users\tapos\eclipse-workspace\rahulshettycourse\testng.xml">
      <![CDATA[org.testng.TestNGException: 
Parameter 'URL' is required by @Test on method printGood but has not been marked @Optional or defined
in C:\Users\tapos\eclipse-workspace\rahulshettycourse\testng.xml
at java.base/java.util.ArrayList.forEach(ArrayList.java:1511)
at java.base/java.util.concurrent.FutureTask.run(FutureTask.java:264)
at java.base/java.util.concurrent.ThreadPoolExecutor.runWorker(ThreadPoolExecutor.java:1130)
at java.base/java.util.concurrent.ThreadPoolExecutor$Worker.run(ThreadPoolExecutor.java:630)
at java.base/java.lang.Thread.run(Thread.java:831)
... Removed 16 stack frames]]>
		</failure>
	</testcase> <!-- printGood -->
	<testcase classname="test.Day1" name="printHello" time="0.001" />
	<testcase classname="test.Day2" name="printBye" time="0.001" />
</testsuite> <!-- CreditCardLoan -->
